<?xml version="1.0" encoding="UTF-8" ?>
<!--

    SoCoFo - Another source code formatter
    Copyright (C) 2013  Dirk Strauss

    This program is free software: you can redistribute it and/or modify
    it under the terms of the GNU General Public License as published by
    the Free Software Foundation, either version 3 of the License, or
    (at your option) any later version.

    This program is distributed in the hope that it will be useful,
    but WITHOUT ANY WARRANTY; without even the implied warranty of
    MERCHANTABILITY or FITNESS FOR A PARTICULAR PURPOSE.  See the
    GNU General Public License for more details.

    You should have received a copy of the GNU General Public License
    along with this program.  If not, see <http://www.gnu.org/licenses/>.

-->
<!DOCTYPE log4j:configuration SYSTEM "log4j.dtd">
<log4j:configuration xmlns:log4j="http://jakarta.apache.org/log4j/">
  <appender name="console" class="org.apache.log4j.ConsoleAppender">
    <param name="Target" value="System.out" />
    <layout class="org.apache.log4j.PatternLayout">
      <param name="ConversionPattern" value="%-5p %c{1} - %m%n" />
    </layout>
  </appender>
  <appender name="logdatei" class="org.apache.log4j.FileAppender">
    <param name="file" value="target/tests2.log" />
    <param name="append" value="false" />
    <layout class="org.apache.log4j.PatternLayout">
      <param name="ConversionPattern" value="%-5p %c{1} [%X{testCaseName}] - %m%n" />
    </layout>
  </appender>
  <logger name="com.googlecode.socofo" additivity="false">
    <level value="debug" />
    <appender-ref ref="logdatei" />
  </logger>
  <root>
    <priority value="info" />
    <appender-ref ref="console" />
    <appender-ref ref="logdatei" />
  </root>
</log4j:configuration>