<?xml version="1.0" encoding="UTF-8" ?>
<!DOCTYPE log4j:configuration SYSTEM "log4j.dtd">
<log4j:configuration xmlns:log4j="http://jakarta.apache.org/log4j/">
  <appender name="console" class="org.apache.log4j.ConsoleAppender">
    <param name="Target" value="System.out" />
    <layout class="org.apache.log4j.PatternLayout">
      <param name="ConversionPattern" value="%-5p %c{1} - %m%n" />
    </layout>
  </appender>
  <appender name="logdatei" class="org.apache.log4j.FileAppender">
    <param name="file" value="target/tests2.log" />
    <param name="append" value="false" />
    <layout class="org.apache.log4j.PatternLayout">
      <param name="ConversionPattern" value="%-5p %c{1} [%X{testCaseName}] - %m%n" />
    </layout>
  </appender>
  <logger name="com.googlecode.socofo" additivity="false">
    <level value="debug" />
    <appender-ref ref="logdatei" />
  </logger>
  <root>
    <priority value="info" />
    <appender-ref ref="console" />
    <appender-ref ref="logdatei" />
  </root>
</log4j:configuration>